2020-10-20 07:21:27,715 [main] INFO paisaBazaar - Google Accessed
2020-10-20 07:21:28,024 [main] INFO paisaBazaar - Srch String Entered
2020-10-20 07:21:30,580 [main] INFO paisaBazaar - Entries Displayed
2020-10-20 07:21:40,360 [main] INFO paisaBazaar - Policy Bazaar Accessed
2020-10-20 07:21:40,539 [main] INFO paisaBazaar - Vehicle Number Searched
2020-10-20 07:21:49,053 [main] INFO paisaBazaar - Vehicle Make Selected
2020-10-20 07:21:50,073 [main] INFO paisaBazaar - Vehicle Model Selected
2020-10-20 07:21:51,096 [main] INFO paisaBazaar - Vehicle Version Selected
2020-10-20 07:21:51,513 [main] INFO paisaBazaar - Vehicle Year Selected
2020-10-20 07:21:54,131 [main] INFO paisaBazaar - Vehicle Contract Selected
2020-10-20 07:21:55,205 [main] INFO paisaBazaar - Vehicle Detail Selected
2020-10-20 07:22:00,771 [main] INFO paisaBazaar - Quotes Displayed
2020-10-20 07:22:04,898 [main] INFO paisaBazaar - Customer Name Printed
2020-10-20 07:22:05,110 [main] INFO paisaBazaar - Mobile Number Printed
2020-10-20 07:22:05,321 [main] INFO paisaBazaar - Email ID Printed
2020-10-20 07:22:05,526 [main] INFO paisaBazaar - Mailin Address Printed
2020-10-20 07:22:05,781 [main] INFO paisaBazaar - Pin Code Printed
2020-10-20 07:22:10,924 [main] INFO paisaBazaar - Nominee Name Printed
2020-10-20 07:22:12,226 [main] INFO paisaBazaar - Chasis Number Printed
2020-10-20 07:22:12,391 [main] INFO paisaBazaar - Engine Number Printed
2020-10-20 07:22:12,467 [main] INFO paisaBazaar - Last Step Reached
2020-10-20 07:39:57,311 [main] INFO paisaBazaar - Google Accessed
2020-10-20 07:39:57,599 [main] INFO paisaBazaar - Srch String Entered
2020-10-20 07:40:00,220 [main] INFO paisaBazaar - Entries Displayed
2020-10-20 07:40:11,016 [main] INFO paisaBazaar - Policy Bazaar Accessed
2020-10-20 07:40:11,218 [main] INFO paisaBazaar - Vehicle Number Searched
2020-10-20 07:40:18,967 [main] INFO paisaBazaar - Vehicle Make Selected
2020-10-20 07:40:19,972 [main] INFO paisaBazaar - Vehicle Model Selected
2020-10-20 07:40:21,164 [main] INFO paisaBazaar - Vehicle Version Selected
2020-10-20 07:40:21,570 [main] INFO paisaBazaar - Vehicle Year Selected
2020-10-20 07:40:24,164 [main] INFO paisaBazaar - Vehicle Contract Selected
2020-10-20 07:40:25,301 [main] INFO paisaBazaar - Vehicle Detail Selected
2020-10-20 07:40:30,790 [main] INFO paisaBazaar - Quotes Displayed
2020-10-20 07:40:35,002 [main] INFO paisaBazaar - Customer Name Printed
2020-10-20 07:40:35,198 [main] INFO paisaBazaar - Mobile Number Printed
2020-10-20 07:40:35,463 [main] INFO paisaBazaar - Email ID Printed
2020-10-20 07:40:35,696 [main] INFO paisaBazaar - Mailin Address Printed
2020-10-20 07:40:35,942 [main] INFO paisaBazaar - Pin Code Printed
2020-10-20 07:40:41,061 [main] INFO paisaBazaar - Nominee Name Printed
2020-10-20 07:40:42,592 [main] INFO paisaBazaar - Chasis Number Printed
2020-10-20 07:40:42,730 [main] INFO paisaBazaar - Engine Number Printed
2020-10-20 07:40:42,799 [main] INFO paisaBazaar - Last Step Reached
2020-10-20 07:50:50,764 [main] INFO paisaBazaar - Google Accessed
2020-10-20 07:50:51,103 [main] INFO paisaBazaar - Srch String Entered
2020-10-20 07:50:53,719 [main] INFO paisaBazaar - Entries Displayed
2020-10-20 07:51:02,019 [main] INFO paisaBazaar - Policy Bazaar Accessed
2020-10-20 07:51:02,197 [main] INFO paisaBazaar - Vehicle Number Searched
2020-10-20 07:51:10,498 [main] INFO paisaBazaar - Vehicle Make Selected
2020-10-20 07:51:11,541 [main] INFO paisaBazaar - Vehicle Model Selected
2020-10-20 07:52:28,471 [main] INFO paisaBazaar - Google Accessed
2020-10-20 07:52:28,714 [main] INFO paisaBazaar - Srch String Entered
2020-10-20 07:52:31,321 [main] INFO paisaBazaar - Entries Displayed
2020-10-20 07:52:41,398 [main] INFO paisaBazaar - Policy Bazaar Accessed
2020-10-20 07:52:41,588 [main] INFO paisaBazaar - Vehicle Number Searched
2020-10-20 07:52:49,207 [main] INFO paisaBazaar - Vehicle Make Selected
2020-10-20 07:52:50,402 [main] INFO paisaBazaar - Vehicle Model Selected
2020-10-20 07:52:51,429 [main] INFO paisaBazaar - Vehicle Version Selected
2020-10-20 07:52:51,846 [main] INFO paisaBazaar - Vehicle Year Selected
2020-10-20 07:52:54,434 [main] INFO paisaBazaar - Vehicle Contract Selected
2020-10-20 07:52:55,434 [main] INFO paisaBazaar - Vehicle Detail Selected
2020-10-20 07:53:01,631 [main] INFO paisaBazaar - Quotes Displayed
2020-10-20 07:53:05,954 [main] INFO paisaBazaar - Customer Name Printed
2020-10-20 07:53:06,151 [main] INFO paisaBazaar - Mobile Number Printed
2020-10-20 07:53:06,365 [main] INFO paisaBazaar - Email ID Printed
2020-10-20 07:53:06,575 [main] INFO paisaBazaar - Mailin Address Printed
2020-10-20 07:53:06,844 [main] INFO paisaBazaar - Pin Code Printed
2020-10-20 07:53:12,009 [main] INFO paisaBazaar - Nominee Name Printed
2020-10-20 07:53:13,306 [main] INFO paisaBazaar - Chasis Number Printed
2020-10-20 07:53:13,451 [main] INFO paisaBazaar - Engine Number Printed
2020-10-20 07:53:13,521 [main] INFO paisaBazaar - Last Step Reached
2020-10-20 07:56:51,267 [main] INFO paisaBazaar - Google Accessed
2020-10-20 07:56:51,566 [main] INFO paisaBazaar - Srch String Entered
2020-10-20 07:56:54,190 [main] INFO paisaBazaar - Entries Displayed
2020-10-20 07:57:07,094 [main] INFO paisaBazaar - Policy Bazaar Accessed
2020-10-20 07:57:07,287 [main] INFO paisaBazaar - Vehicle Number Searched
2020-10-20 07:57:15,226 [main] INFO paisaBazaar - Vehicle Make Selected
2020-10-20 07:57:16,432 [main] INFO paisaBazaar - Vehicle Model Selected
2020-10-20 07:57:17,570 [main] INFO paisaBazaar - Vehicle Version Selected
2020-10-20 07:57:17,995 [main] INFO paisaBazaar - Vehicle Year Selected
2020-10-20 07:57:20,584 [main] INFO paisaBazaar - Vehicle Contract Selected
2020-10-20 07:57:22,087 [main] INFO paisaBazaar - Vehicle Detail Selected
2020-10-20 07:57:27,571 [main] INFO paisaBazaar - Quotes Displayed
2020-10-20 07:57:31,889 [main] INFO paisaBazaar - Customer Name Printed
2020-10-20 07:57:32,086 [main] INFO paisaBazaar - Mobile Number Printed
2020-10-20 07:57:32,281 [main] INFO paisaBazaar - Email ID Printed
2020-10-20 07:57:32,485 [main] INFO paisaBazaar - Mailin Address Printed
2020-10-20 07:57:32,731 [main] INFO paisaBazaar - Pin Code Printed
2020-10-20 07:57:37,801 [main] INFO paisaBazaar - Nominee Name Printed
2020-10-20 07:57:39,117 [main] INFO paisaBazaar - Chasis Number Printed
2020-10-20 07:57:39,254 [main] INFO paisaBazaar - Engine Number Printed
2020-10-20 07:57:39,329 [main] INFO paisaBazaar - Last Step Reached
2020-10-20 08:00:47,310 [main] INFO paisaBazaar - Google Accessed
2020-10-20 08:00:47,530 [main] INFO paisaBazaar - Srch String Entered
2020-10-20 08:00:50,153 [main] INFO paisaBazaar - Entries Displayed
2020-10-20 08:00:59,248 [main] INFO paisaBazaar - Policy Bazaar Accessed
2020-10-20 08:00:59,435 [main] INFO paisaBazaar - Vehicle Number Searched
2020-10-20 08:01:08,297 [main] INFO paisaBazaar - Vehicle Make Selected
2020-10-20 08:02:39,089 [main] INFO paisaBazaar - Google Accessed
2020-10-20 08:02:39,429 [main] INFO paisaBazaar - Srch String Entered
2020-10-20 08:02:41,978 [main] INFO paisaBazaar - Entries Displayed
2020-10-20 08:02:52,387 [main] INFO paisaBazaar - Policy Bazaar Accessed
2020-10-20 08:02:52,584 [main] INFO paisaBazaar - Vehicle Number Searched
2020-10-20 08:03:00,175 [main] INFO paisaBazaar - Vehicle Make Selected
2020-10-20 08:03:01,269 [main] INFO paisaBazaar - Vehicle Model Selected
2020-10-20 08:03:02,424 [main] INFO paisaBazaar - Vehicle Version Selected
2020-10-20 08:03:02,829 [main] INFO paisaBazaar - Vehicle Year Selected
2020-10-20 08:03:05,420 [main] INFO paisaBazaar - Vehicle Contract Selected
2020-10-20 08:03:06,529 [main] INFO paisaBazaar - Vehicle Detail Selected
2020-10-20 08:03:12,050 [main] INFO paisaBazaar - Quotes Displayed
2020-10-20 08:03:16,545 [main] INFO paisaBazaar - Customer Name Printed
2020-10-20 08:03:16,736 [main] INFO paisaBazaar - Mobile Number Printed
2020-10-20 08:03:16,975 [main] INFO paisaBazaar - Email ID Printed
2020-10-20 08:03:17,169 [main] INFO paisaBazaar - Mailin Address Printed
2020-10-20 08:03:17,428 [main] INFO paisaBazaar - Pin Code Printed
2020-10-20 08:03:22,584 [main] INFO paisaBazaar - Nominee Name Printed
2020-10-20 08:03:23,930 [main] INFO paisaBazaar - Chasis Number Printed
2020-10-20 08:03:24,080 [main] INFO paisaBazaar - Engine Number Printed
2020-10-20 08:03:24,150 [main] INFO paisaBazaar - Last Step Reached
2020-10-20 08:07:02,800 [main] INFO paisaBazaar - Google Accessed
2020-10-20 08:07:03,076 [main] INFO paisaBazaar - Srch String Entered
2020-10-20 08:07:05,689 [main] INFO paisaBazaar - Entries Displayed
2020-10-20 08:07:15,930 [main] INFO paisaBazaar - Policy Bazaar Accessed
2020-10-20 08:07:16,130 [main] INFO paisaBazaar - Vehicle Number Searched
2020-10-20 08:07:23,931 [main] INFO paisaBazaar - Vehicle Make Selected
2020-10-20 08:07:24,934 [main] INFO paisaBazaar - Vehicle Model Selected
2020-10-20 08:07:25,952 [main] INFO paisaBazaar - Vehicle Version Selected
2020-10-20 08:07:26,375 [main] INFO paisaBazaar - Vehicle Year Selected
2020-10-20 08:07:28,971 [main] INFO paisaBazaar - Vehicle Contract Selected
2020-10-20 08:07:29,951 [main] INFO paisaBazaar - Vehicle Detail Selected
2020-10-20 08:07:35,477 [main] INFO paisaBazaar - Quotes Displayed
2020-10-20 08:07:39,825 [main] INFO paisaBazaar - Customer Name Printed
2020-10-20 08:07:40,034 [main] INFO paisaBazaar - Mobile Number Printed
2020-10-20 08:07:40,235 [main] INFO paisaBazaar - Email ID Printed
2020-10-20 08:07:40,455 [main] INFO paisaBazaar - Mailin Address Printed
2020-10-20 08:07:40,707 [main] INFO paisaBazaar - Pin Code Printed
2020-10-20 08:07:45,847 [main] INFO paisaBazaar - Nominee Name Printed
2020-10-20 08:07:47,173 [main] INFO paisaBazaar - Chasis Number Printed
2020-10-20 08:07:47,313 [main] INFO paisaBazaar - Engine Number Printed
2020-10-20 08:07:47,383 [main] INFO paisaBazaar - Last Step Reached
2020-10-20 08:09:32,824 [main] INFO paisaBazaar - Google Accessed
2020-10-20 08:09:33,079 [main] INFO paisaBazaar - Srch String Entered
2020-10-20 08:09:35,690 [main] INFO paisaBazaar - Entries Displayed
2020-10-20 08:09:45,255 [main] INFO paisaBazaar - Policy Bazaar Accessed
2020-10-20 08:09:45,443 [main] INFO paisaBazaar - Vehicle Number Searched
2020-10-20 08:09:52,990 [main] INFO paisaBazaar - Vehicle Make Selected
2020-10-20 08:09:54,014 [main] INFO paisaBazaar - Vehicle Model Selected
2020-10-20 08:09:54,987 [main] INFO paisaBazaar - Vehicle Version Selected
2020-10-20 08:09:55,393 [main] INFO paisaBazaar - Vehicle Year Selected
2020-10-20 08:09:57,985 [main] INFO paisaBazaar - Vehicle Contract Selected
2020-10-20 08:09:59,037 [main] INFO paisaBazaar - Vehicle Detail Selected
2020-10-20 08:10:04,817 [main] INFO paisaBazaar - Quotes Displayed
2020-10-20 08:10:08,704 [main] INFO paisaBazaar - Customer Name Printed
2020-10-20 08:10:08,917 [main] INFO paisaBazaar - Mobile Number Printed
2020-10-20 08:10:09,118 [main] INFO paisaBazaar - Email ID Printed
2020-10-20 08:10:09,315 [main] INFO paisaBazaar - Mailin Address Printed
2020-10-20 08:10:09,585 [main] INFO paisaBazaar - Pin Code Printed
2020-10-20 08:10:14,724 [main] INFO paisaBazaar - Nominee Name Printed
2020-10-20 08:10:16,033 [main] INFO paisaBazaar - Chasis Number Printed
2020-10-20 08:10:16,170 [main] INFO paisaBazaar - Engine Number Printed
2020-10-20 08:10:16,242 [main] INFO paisaBazaar - Last Step Reached
